# JRE version: OpenJDK Runtime Environment JBR-21.0.4+13-509.17-jcef (21.0.4+13) (build 21.0.4+13-b509.17)
# Java VM: OpenJDK 64-Bit Server VM JBR-21.0.4+13-509.17-jcef (21.0.4+13-b509.17, mixed mode, tiered, compressed oops, compressed class ptrs, g1 gc, windows-amd64)
GC Precious Log:
 CardTable entry size: 512
 Card Set container configuration: InlinePtr #cards 5 size 8 Array Of Cards #cards 12 size 40 Howl #buckets 4 coarsen threshold 1843 Howl Bitmap #cards 512 size 80 coarsen threshold 460 Card regions per heap region 1 cards per card region 2048
 CPUs: 8 total, 8 available
 Memory: 16252M
 Large Page Support: Disabled
 NUMA Support: Disabled
 Compressed Oops: Enabled (32-bit)
 Heap Region Size: 1M
 Heap Min Capacity: 128M
 Heap Initial Capacity: 128M
 Heap Max Capacity: 2G
 Pre-touch: Disabled
 Parallel Workers: 8
 Concurrent Workers: 2
 Concurrent Refinement Workers: 8
 Periodic GC: Disabled
Heap:
 garbage-first heap   total 131072K, used 15322K [0x0000000080000000, 0x0000000100000000)
  region size 1024K, 4 young (4096K), 0 survivors (0K)
 Metaspace       used 28551K, committed 29056K, reserved 1114112K
  class space    used 2844K, committed 3072K, reserved 1048576K
GC Heap History (10 events):
Event: 2.680 GC heap before
{Heap before GC invocations=0 (full 0):
 garbage-first heap   total 131072K, used 26624K [0x0000000080000000, 0x0000000100000000)
  region size 1024K, 23 young (23552K), 0 survivors (0K)
 Metaspace       used 17638K, committed 18048K, reserved 1114112K
  class space    used 1826K, committed 2048K, reserved 1048576K
}
Event: 2.696 GC heap after
{Heap after GC invocations=1 (full 0):
 garbage-first heap   total 131072K, used 9216K [0x0000000080000000, 0x0000000100000000)
  region size 1024K, 3 young (3072K), 3 survivors (3072K)
 Metaspace       used 17638K, committed 18048K, reserved 1114112K
  class space    used 1826K, committed 2048K, reserved 1048576K
}
Event: 3.277 GC heap before
{Heap before GC invocations=1 (full 0):
 garbage-first heap   total 131072K, used 16384K [0x0000000080000000, 0x0000000100000000)
  region size 1024K, 12 young (12288K), 3 survivors (3072K)
 Metaspace       used 21143K, committed 21504K, reserved 1114112K
  class space    used 2174K, committed 2368K, reserved 1048576K
}
Event: 3.286 GC heap after
{Heap after GC invocations=2 (full 0):
 garbage-first heap   total 131072K, used 10811K [0x0000000080000000, 0x0000000100000000)
  region size 1024K, 2 young (2048K), 2 survivors (2048K)
 Metaspace       used 21143K, committed 21504K, reserved 1114112K
  class space    used 2174K, committed 2368K, reserved 1048576K
}
Event: 3603.309 GC heap before
{Heap before GC invocations=3 (full 0):
 garbage-first heap   total 131072K, used 46651K [0x0000000080000000, 0x0000000100000000)
  region size 1024K, 38 young (38912K), 2 survivors (2048K)
 Metaspace       used 28361K, committed 28800K, reserved 1114112K
  class space    used 2887K, committed 3072K, reserved 1048576K
}
Event: 3603.368 GC heap after
{Heap after GC invocations=4 (full 1):
 garbage-first heap   total 131072K, used 12215K [0x0000000080000000, 0x0000000100000000)
  region size 1024K, 0 young (0K), 0 survivors (0K)
 Metaspace       used 28311K, committed 28800K, reserved 1114112K
  class space    used 2875K, committed 3072K, reserved 1048576K
}
Event: 7203.381 GC heap before
{Heap before GC invocations=4 (full 1):
 garbage-first heap   total 131072K, used 22455K [0x0000000080000000, 0x0000000100000000)
  region size 1024K, 11 young (11264K), 0 survivors (0K)
 Metaspace       used 28347K, committed 28864K, reserved 1114112K
  class space    used 2875K, committed 3072K, reserved 1048576K
}
Event: 7203.445 GC heap after
{Heap after GC invocations=5 (full 2):
 garbage-first heap   total 131072K, used 11600K [0x0000000080000000, 0x0000000100000000)
  region size 1024K, 0 young (0K), 0 survivors (0K)
 Metaspace       used 28113K, committed 28864K, reserved 1114112K
  class space    used 2817K, committed 3072K, reserved 1048576K
}
Event: 10803.453 GC heap before
{Heap before GC invocations=5 (full 2):
 garbage-first heap   total 131072K, used 29008K [0x0000000080000000, 0x0000000100000000)
  region size 1024K, 18 young (18432K), 0 survivors (0K)
 Metaspace       used 28541K, committed 29056K, reserved 1114112K
  class space    used 2844K, committed 3072K, reserved 1048576K
}
Event: 10803.491 GC heap after
{Heap after GC invocations=6 (full 3):
 garbage-first heap   total 131072K, used 12250K [0x0000000080000000, 0x0000000100000000)
  region size 1024K, 0 young (0K), 0 survivors (0K)
 Metaspace       used 28541K, committed 29056K, reserved 1114112K
  class space    used 2844K, committed 3072K, reserved 1048576K
}

